<?xml version="1.0" encoding="UTF-8"?>
<testng-results skipped="0" failed="0" total="1" passed="1">
  <reporter-output>
  </reporter-output>
  <suite name="Smoke" duration-ms="8090" started-at="2019-10-20T06:55:51Z" finished-at="2019-10-20T06:55:59Z">
    <groups>
    </groups>
    <test name="SmokeTest" duration-ms="8090" started-at="2019-10-20T06:55:51Z" finished-at="2019-10-20T06:55:59Z">
      <class name="uiTest.JenkinsTest">
        <test-method status="PASS" signature="initializeExtentReport()[pri:0, instance:uiTest.JenkinsTest@1134affc]" name="initializeExtentReport" is-config="true" duration-ms="131" started-at="2019-10-20T12:25:51Z" finished-at="2019-10-20T12:25:51Z">
          <reporter-output>
          </reporter-output>
        </test-method> <!-- initializeExtentReport -->
        <test-method status="PASS" signature="setUp()[pri:0, instance:uiTest.JenkinsTest@1134affc]" name="setUp" is-config="true" duration-ms="3623" started-at="2019-10-20T12:25:51Z" finished-at="2019-10-20T12:25:55Z">
          <reporter-output>
          </reporter-output>
        </test-method> <!-- setUp -->
        <test-method status="PASS" signature="createJob()[pri:0, instance:uiTest.JenkinsTest@1134affc]" name="createJob" duration-ms="3806" started-at="2019-10-20T12:25:55Z" finished-at="2019-10-20T12:25:59Z">
          <reporter-output>
          </reporter-output>
        </test-method> <!-- createJob -->
        <test-method status="PASS" signature="tearDown()[pri:0, instance:uiTest.JenkinsTest@1134affc]" name="tearDown" is-config="true" duration-ms="573" started-at="2019-10-20T12:25:59Z" finished-at="2019-10-20T12:25:59Z">
          <reporter-output>
          </reporter-output>
        </test-method> <!-- tearDown -->
      </class> <!-- uiTest.JenkinsTest -->
    </test> <!-- SmokeTest -->
  </suite> <!-- Smoke -->
</testng-results>
